# GNU Make 3.81
# Copyright (C) 2006  Free Software Foundation, Inc.
# This is free software; see the source for copying conditions.
# There is NO warranty; not even for MERCHANTABILITY or FITNESS FOR A
# PARTICULAR PURPOSE.

# This program built for i386-apple-darwin11.3.0
 
make: *** No rule to make target `all'.  Stop.


# Make data base, printed on Tue Apr 26 14:41:17 2022

# Variables

# automatic
<D = $(patsubst %/,%,$(dir $<))
# automatic
?F = $(notdir $?)
# environment
VSCODE_LOG_NATIVE = false
# automatic
?D = $(patsubst %/,%,$(dir $?))
# automatic
@D = $(patsubst %/,%,$(dir $@))
# automatic
@F = $(notdir $@)
# makefile
CURDIR := /Users/kangkai/smart/develop/rust/show-media
# makefile
SHELL = /bin/sh
# environment
VSCODE_NLS_CONFIG = {"locale":"zh-cn","availableLanguages":{},"_languagePackSupport":true}
# environment
_ = /usr/bin/make
# makefile (from `Makefile', line 1)
MAKEFILE_LIST :=  Makefile
# environment
VSCODE_VERBOSE_LOGGING = true
# environment
__CFBundleIdentifier = com.microsoft.VSCodeInsiders
# environment
CGO_CFLAGS = -I/opt/local/zulu8.56.0.21-ca-jdk8.0.302-macosx_x64/include -I/opt/local/zulu8.56.0.21-ca-jdk8.0.302-macosx_x64/include/darwin
# environment
VSCODE_IPC_HOOK_EXTHOST = /var/folders/xh/jcfp5l3n30b3c0qd4hv4dp5c0000gn/T/vscode-ipc-04b9e267-eaa5-444f-8dd2-be43240b4377.sock
# environment
VSCODE_CWD = /
# environment
GOPROXY = https://goproxy.cn
# environment
PATH = /opt/local/bin:/opt/local/sbin:/usr/local/bin:/usr/bin:/bin:/usr/sbin:/sbin:/usr/local/go/bin:/Users/kangkai/.cargo/bin:/Users/kangkai/go/bin:/opt/local/node-v16.14.2-darwin-arm64/bin:/opt/homebrew/bin:/usr/local/mysql/bin
# environment
LSCOLORS = Gxfxcxdxbxegedabagacad
# environment
VSCODE_LOG_STACK = true
# environment
ELECTRON_RUN_AS_NODE = 1
# default
.FEATURES := target-specific order-only second-expansion else-if archives jobserver check-symlink
# environment
SSH_AUTH_SOCK = /private/tmp/com.apple.launchd.NtjMKWs5fl/Listeners
 
# automatic
%F = $(notdir $%)
# environment
VSCODE_PIPE_LOGGING = true
# makefile (from `Makefile', line 2)
OBJS = src/lib.rs
# environment
PWD = /Users/kangkai/smart/develop/rust/show-media
# environment
PKG_CONFIG_PATH = :/opt/local/lib
# environment
ORIGINAL_XDG_CURRENT_DESKTOP = undefined
# environment
VSCODE_AMD_ENTRYPOINT = vs/workbench/api/node/extensionHostProcess
# environment
HOME = /Users/kangkai
# default
MAKEFILEPATH := /Applications/Xcode.app/Contents/Developer/Makefiles
# environment
VSCODE_CODE_CACHE_PATH = /Users/kangkai/Library/Application Support/Code - Insiders/CachedData/a9288be67bab4e9c4dbe62207f01fafc2bdaadcb
# environment
LOGNAME = kangkai
# environment
APPLICATION_INSIGHTS_NO_DIAGNOSTIC_CHANNEL = true
# environment
ZSH = /Users/kangkai/.oh-my-zsh
# environment
VSCODE_HANDLES_UNCAUGHT_ERRORS = true
# automatic
^D = $(patsubst %/,%,$(dir $^))
# environment
MFLAGS = -Rrqp
# environment
XPC_FLAGS = 0x0
# default
MAKE = $(MAKE_COMMAND)
# default
MAKECMDGOALS := all
# environment
SHLVL = 1
# environment
JAVA_HOME = /opt/local/zulu8.56.0.21-ca-jdk8.0.302-macosx_x64
# default
MAKE_VERSION := 3.81
# environment
USER = kangkai
# makefile
.DEFAULT_GOAL := build
# environment
HOMEBREW_BOTTLE_DOMAIN = https://mirrors.aliyun.com/homebrew/homebrew-bottles
# environment
CLASSPATH = /opt/local/zulu8.56.0.21-ca-jdk8.0.302-macosx_x64/lib/tools.jar:/opt/local/zulu8.56.0.21-ca-jdk8.0.302-macosx_x64/lib/dt.jar:.
# environment
LESS = -R
# automatic
%D = $(patsubst %/,%,$(dir $%))
# default
MAKE_COMMAND := /Applications/Xcode.app/Contents/Developer/usr/bin/make
# default
.VARIABLES := 
# environment
TMPDIR = /var/folders/xh/jcfp5l3n30b3c0qd4hv4dp5c0000gn/T/
# automatic
*F = $(notdir $*)
# environment
VSCODE_IPC_HOOK = /Users/kangkai/Library/Application Support/Code - Insiders/1.67.0-insider-main.sock
# makefile
MAKEFLAGS = Rrqp
# environment
CGO_LDFLAGS = -L/opt/local/zulu8.56.0.21-ca-jdk8.0.302-macosx_x64/jre/lib/server/ -ljvm -Wl,-rpath,/opt/local/zulu8.56.0.21-ca-jdk8.0.302-macosx_x64/jre/lib/server/
# automatic
*D = $(patsubst %/,%,$(dir $*))
# environment
XPC_SERVICE_NAME = application.com.microsoft.VSCodeInsiders.7611166.7611184
# automatic
+D = $(patsubst %/,%,$(dir $+))
# automatic
+F = $(notdir $+)
# environment
__CF_USER_TEXT_ENCODING = 0x1F5:0x19:0x34
# environment
COMMAND_MODE = unix2003
# default
MAKEFILES := 
# automatic
<F = $(notdir $<)
# environment
PAGER = less
# environment
LC_ALL = C
# automatic
^F = $(notdir $^)
# default
SUFFIXES := 
# environment
MAKELEVEL := 0
# environment
LANG = C
# environment
VSCODE_PID = 7836
# variable set hash-table stats:
# Load=73/1024=7%, Rehash=0, Collisions=9/97=9%

# Pattern-specific Variable Values

# No pattern-specific variable values.

# Directories

# . (device 16777232, inode 8907788): 10 files, no impossibilities.

# 10 files, no impossibilities in 1 directories.

# Implicit Rules

# No implicit rules.

# Files

# Not a target:
all:
#  Command-line target.
#  Implicit rule search has been done.
#  File does not exist.
#  File has not been updated.
# variable set hash-table stats:
# Load=0/32=0%, Rehash=0, Collisions=0/0=0%

.PHONY: clean
#  Implicit rule search has not been done.
#  Modification time never checked.
#  File has not been updated.

# Not a target:
.SUFFIXES:
#  Implicit rule search has not been done.
#  Modification time never checked.
#  File has not been updated.

# Not a target:
Makefile:
#  Implicit rule search has been done.
#  Last modified 2022-04-26 14:41:07
#  File has been updated.
#  Successfully updated.
# variable set hash-table stats:
# Load=0/32=0%, Rehash=0, Collisions=0/0=0%

build: src/lib.rs
#  Implicit rule search has not been done.
#  Modification time never checked.
#  File has not been updated.
#  commands to execute (from `Makefile', line 5):
	cargo build --target wasm32-wasi --release
	# cp -f target/wasm32-wasi/release/show_image.wasm target/wasm32-wasi/release/show_image.kpe
	

# Not a target:
.DEFAULT:
#  Implicit rule search has not been done.
#  Modification time never checked.
#  File has not been updated.

clean:
#  Phony target (prerequisite of .PHONY).
#  Implicit rule search has not been done.
#  File does not exist.
#  File has not been updated.
#  commands to execute (from `Makefile', line 9):
	rm -rf target
	

# Not a target:
src/lib.rs:
#  Implicit rule search has not been done.
#  Modification time never checked.
#  File has not been updated.

# files hash-table stats:
# Load=8/1024=1%, Rehash=0, Collisions=0/22=0%
# VPATH Search Paths

# No `vpath' search paths.

# No general (`VPATH' variable) search path.

# # of strings in strcache: 1
# # of strcache buffers: 1
# strcache size: total = 4096 / max = 4096 / min = 4096 / avg = 4096
# strcache free: total = 4087 / max = 4087 / min = 4087 / avg = 4087

# Finished Make data base on Tue Apr 26 14:41:17 2022

 
